Expression	Value	Location	Type	
garPrdInfoS	<array>	0x00033BB4	PrdInfoS[192]	
[0]	<struct>	0x00033BB4	PrdInfoS	
u16CPU0PrdFlag	0x0000	0x00033BB4	unsigned short	
u16CPU1PrdFlag	0	0x00033BB6	unsigned short	
uUnitCntNotClose	'.' (0x01)	0x00033BB8	unsigned char	
uReadUnitCnt	'.' (0x01)	0x00033BB9	unsigned char	
u8PrdIdx		0x00033BBA	unsigned char	
[1]	<struct>	0x00033BBC	PrdInfoS	
[2]	<struct>	0x00033BC4	PrdInfoS	
[3]	<struct>	0x00033BCC	PrdInfoS	
[4]	<struct>	0x00033BD4	PrdInfoS	
[5]	<struct>	0x00033BDC	PrdInfoS	
[6]	<struct>	0x00033BE4	PrdInfoS	
[7]	<struct>	0x00033BEC	PrdInfoS	
[8]	<struct>	0x00033BF4	PrdInfoS	
[9]	<struct>	0x00033BFC	PrdInfoS	
[10]	<struct>	0x00033C04	PrdInfoS	
[11]	<struct>	0x00033C0C	PrdInfoS	
[12]	<struct>	0x00033C14	PrdInfoS	
[13]	<struct>	0x00033C1C	PrdInfoS	
[14]	<struct>	0x00033C24	PrdInfoS	
[15]	<struct>	0x00033C2C	PrdInfoS	
[16]	<struct>	0x00033C34	PrdInfoS	
[17]	<struct>	0x00033C3C	PrdInfoS	
[18]	<struct>	0x00033C44	PrdInfoS	
[19]	<struct>	0x00033C4C	PrdInfoS	
[20]	<struct>	0x00033C54	PrdInfoS	
[21]	<struct>	0x00033C5C	PrdInfoS	
[22]	<struct>	0x00033C64	PrdInfoS	
[23]	<struct>	0x00033C6C	PrdInfoS	
[24]	<struct>	0x00033C74	PrdInfoS	
[25]	<struct>	0x00033C7C	PrdInfoS	
[26]	<struct>	0x00033C84	PrdInfoS	
[27]	<struct>	0x00033C8C	PrdInfoS	
[28]	<struct>	0x00033C94	PrdInfoS	
[29]	<struct>	0x00033C9C	PrdInfoS	
[30]	<struct>	0x00033CA4	PrdInfoS	
[31]	<struct>	0x00033CAC	PrdInfoS	
[32]	<struct>	0x00033CB4	PrdInfoS	
[33]	<struct>	0x00033CBC	PrdInfoS	
[34]	<struct>	0x00033CC4	PrdInfoS	
[35]	<struct>	0x00033CCC	PrdInfoS	
[36]	<struct>	0x00033CD4	PrdInfoS	
[37]	<struct>	0x00033CDC	PrdInfoS	
[38]	<struct>	0x00033CE4	PrdInfoS	
[39]	<struct>	0x00033CEC	PrdInfoS	
[40]	<struct>	0x00033CF4	PrdInfoS	
[41]	<struct>	0x00033CFC	PrdInfoS	
[42]	<struct>	0x00033D04	PrdInfoS	
[43]	<struct>	0x00033D0C	PrdInfoS	
[44]	<struct>	0x00033D14	PrdInfoS	
[45]	<struct>	0x00033D1C	PrdInfoS	
[46]	<struct>	0x00033D24	PrdInfoS	
[47]	<struct>	0x00033D2C	PrdInfoS	
[48]	<struct>	0x00033D34	PrdInfoS	
[49]	<struct>	0x00033D3C	PrdInfoS	
[50]	<struct>	0x00033D44	PrdInfoS	
[51]	<struct>	0x00033D4C	PrdInfoS	
[52]	<struct>	0x00033D54	PrdInfoS	
[53]	<struct>	0x00033D5C	PrdInfoS	
[54]	<struct>	0x00033D64	PrdInfoS	
[55]	<struct>	0x00033D6C	PrdInfoS	
[56]	<struct>	0x00033D74	PrdInfoS	
[57]	<struct>	0x00033D7C	PrdInfoS	
[58]	<struct>	0x00033D84	PrdInfoS	
[59]	<struct>	0x00033D8C	PrdInfoS	
[60]	<struct>	0x00033D94	PrdInfoS	
[61]	<struct>	0x00033D9C	PrdInfoS	
[62]	<struct>	0x00033DA4	PrdInfoS	
[63]	<struct>	0x00033DAC	PrdInfoS	
[64]	<struct>	0x00033DB4	PrdInfoS	
[65]	<struct>	0x00033DBC	PrdInfoS	
[66]	<struct>	0x00033DC4	PrdInfoS	
[67]	<struct>	0x00033DCC	PrdInfoS	
[68]	<struct>	0x00033DD4	PrdInfoS	
[69]	<struct>	0x00033DDC	PrdInfoS	
[70]	<struct>	0x00033DE4	PrdInfoS	
[71]	<struct>	0x00033DEC	PrdInfoS	
[72]	<struct>	0x00033DF4	PrdInfoS	
[73]	<struct>	0x00033DFC	PrdInfoS	
[74]	<struct>	0x00033E04	PrdInfoS	
[75]	<struct>	0x00033E0C	PrdInfoS	
[76]	<struct>	0x00033E14	PrdInfoS	
[77]	<struct>	0x00033E1C	PrdInfoS	
[78]	<struct>	0x00033E24	PrdInfoS	
[79]	<struct>	0x00033E2C	PrdInfoS	
[80]	<struct>	0x00033E34	PrdInfoS	
[81]	<struct>	0x00033E3C	PrdInfoS	
[82]	<struct>	0x00033E44	PrdInfoS	
[83]	<struct>	0x00033E4C	PrdInfoS	
[84]	<struct>	0x00033E54	PrdInfoS	
[85]	<struct>	0x00033E5C	PrdInfoS	
[86]	<struct>	0x00033E64	PrdInfoS	
[87]	<struct>	0x00033E6C	PrdInfoS	
[88]	<struct>	0x00033E74	PrdInfoS	
[89]	<struct>	0x00033E7C	PrdInfoS	
[90]	<struct>	0x00033E84	PrdInfoS	
[91]	<struct>	0x00033E8C	PrdInfoS	
[92]	<struct>	0x00033E94	PrdInfoS	
[93]	<struct>	0x00033E9C	PrdInfoS	
[94]	<struct>	0x00033EA4	PrdInfoS	
[95]	<struct>	0x00033EAC	PrdInfoS	
[96]	<struct>	0x00033EB4	PrdInfoS	
[97]	<struct>	0x00033EBC	PrdInfoS	
[98]	<struct>	0x00033EC4	PrdInfoS	
[99]	<struct>	0x00033ECC	PrdInfoS	
[100]	<struct>	0x00033ED4	PrdInfoS	
[101]	<struct>	0x00033EDC	PrdInfoS	
[102]	<struct>	0x00033EE4	PrdInfoS	
[103]	<struct>	0x00033EEC	PrdInfoS	
[104]	<struct>	0x00033EF4	PrdInfoS	
[105]	<struct>	0x00033EFC	PrdInfoS	
[106]	<struct>	0x00033F04	PrdInfoS	
[107]	<struct>	0x00033F0C	PrdInfoS	
[108]	<struct>	0x00033F14	PrdInfoS	
[109]	<struct>	0x00033F1C	PrdInfoS	
[110]	<struct>	0x00033F24	PrdInfoS	
[111]	<struct>	0x00033F2C	PrdInfoS	
[112]	<struct>	0x00033F34	PrdInfoS	
[113]	<struct>	0x00033F3C	PrdInfoS	
[114]	<struct>	0x00033F44	PrdInfoS	
[115]	<struct>	0x00033F4C	PrdInfoS	
[116]	<struct>	0x00033F54	PrdInfoS	
[117]	<struct>	0x00033F5C	PrdInfoS	
[118]	<struct>	0x00033F64	PrdInfoS	
[119]	<struct>	0x00033F6C	PrdInfoS	
[120]	<struct>	0x00033F74	PrdInfoS	
[121]	<struct>	0x00033F7C	PrdInfoS	
[122]	<struct>	0x00033F84	PrdInfoS	
[123]	<struct>	0x00033F8C	PrdInfoS	
[124]	<struct>	0x00033F94	PrdInfoS	
[125]	<struct>	0x00033F9C	PrdInfoS	
[126]	<struct>	0x00033FA4	PrdInfoS	
[127]	<struct>	0x00033FAC	PrdInfoS	
[128]	<struct>	0x00033FB4	PrdInfoS	
[129]	<struct>	0x00033FBC	PrdInfoS	
[130]	<struct>	0x00033FC4	PrdInfoS	
[131]	<struct>	0x00033FCC	PrdInfoS	
[132]	<struct>	0x00033FD4	PrdInfoS	
[133]	<struct>	0x00033FDC	PrdInfoS	
[134]	<struct>	0x00033FE4	PrdInfoS	
[135]	<struct>	0x00033FEC	PrdInfoS	
[136]	<struct>	0x00033FF4	PrdInfoS	
[137]	<struct>	0x00033FFC	PrdInfoS	
[138]	<struct>	0x00034004	PrdInfoS	
[139]	<struct>	0x0003400C	PrdInfoS	
[140]	<struct>	0x00034014	PrdInfoS	
[141]	<struct>	0x0003401C	PrdInfoS	
[142]	<struct>	0x00034024	PrdInfoS	
[143]	<struct>	0x0003402C	PrdInfoS	
[144]	<struct>	0x00034034	PrdInfoS	
[145]	<struct>	0x0003403C	PrdInfoS	
[146]	<struct>	0x00034044	PrdInfoS	
[147]	<struct>	0x0003404C	PrdInfoS	
[148]	<struct>	0x00034054	PrdInfoS	
[149]	<struct>	0x0003405C	PrdInfoS	
[150]	<struct>	0x00034064	PrdInfoS	
[151]	<struct>	0x0003406C	PrdInfoS	
[152]	<struct>	0x00034074	PrdInfoS	
[153]	<struct>	0x0003407C	PrdInfoS	
[154]	<struct>	0x00034084	PrdInfoS	
[155]	<struct>	0x0003408C	PrdInfoS	
[156]	<struct>	0x00034094	PrdInfoS	
[157]	<struct>	0x0003409C	PrdInfoS	
[158]	<struct>	0x000340A4	PrdInfoS	
[159]	<struct>	0x000340AC	PrdInfoS	
[160]	<struct>	0x000340B4	PrdInfoS	
[161]	<struct>	0x000340BC	PrdInfoS	
[162]	<struct>	0x000340C4	PrdInfoS	
[163]	<struct>	0x000340CC	PrdInfoS	
[164]	<struct>	0x000340D4	PrdInfoS	
[165]	<struct>	0x000340DC	PrdInfoS	
[166]	<struct>	0x000340E4	PrdInfoS	
[167]	<struct>	0x000340EC	PrdInfoS	
[168]	<struct>	0x000340F4	PrdInfoS	
[169]	<struct>	0x000340FC	PrdInfoS	
[170]	<struct>	0x00034104	PrdInfoS	
[171]	<struct>	0x0003410C	PrdInfoS	
[172]	<struct>	0x00034114	PrdInfoS	
[173]	<struct>	0x0003411C	PrdInfoS	
[174]	<struct>	0x00034124	PrdInfoS	
[175]	<struct>	0x0003412C	PrdInfoS	
[176]	<struct>	0x00034134	PrdInfoS	
[177]	<struct>	0x0003413C	PrdInfoS	
[178]	<struct>	0x00034144	PrdInfoS	
[179]	<struct>	0x0003414C	PrdInfoS	
[180]	<struct>	0x00034154	PrdInfoS	
[181]	<struct>	0x0003415C	PrdInfoS	
[182]	<struct>	0x00034164	PrdInfoS	
[183]	<struct>	0x0003416C	PrdInfoS	
[184]	<struct>	0x00034174	PrdInfoS	
[185]	<struct>	0x0003417C	PrdInfoS	
[186]	<struct>	0x00034184	PrdInfoS	
[187]	<struct>	0x0003418C	PrdInfoS	
[188]	<struct>	0x00034194	PrdInfoS	
[189]	<struct>	0x0003419C	PrdInfoS	
[190]	<struct>	0x000341A4	PrdInfoS	
[191]	<struct>	0x000341AC	PrdInfoS	
