Expression	Value	Location	Type	
garPrdInfo	<array>	0x00021A8C	PrdQueue[192]	
[0]	<struct>	0x00021A8C	PrdQueue	
uHostCmdInfo	<struct>	0x00021A8C	HostCmdInfo	
u32LBA	0x000F70D8	0x00021A8C	unsigned int	
u32XfrCnt	8	0x00021A90	unsigned int	
u32PRP1H	2	0x00021A94	unsigned int	
u32PRP1L	426455040	0x00021A98	unsigned int	
u32PRP2H	0	0x00021A9C	unsigned int	
u32PRP2L	0	0x00021AA0	unsigned int	
u32LBA_H	0	0x00021AA4	unsigned int	
u32QID	<struct>	0x00021AA8	CSQID	
u16CQID	4	0x00021AA8	unsigned short	
u16SQID	4	0x00021AAA	unsigned short	
u16CID	166	0x00021AAC	unsigned short	
u8OpCode	'.' (0x02)	0x00021AAE	unsigned char	
u8SGL	'\0' (0x00)	0x00021AAF	unsigned char	
u8FUA	'\0' (0x00)	0x00021AB0	unsigned char	
u8Fuse	'\0' (0x00)	0x00021AB1	unsigned char	
u16BufIdx	2456	0x00021AB4	unsigned short	
u16CacheBufIdx	64	0x00021AB6	unsigned short	
uCh	'.' (0x01)	0x00021AB8	unsigned char	
uIntlv	'.' (0x01)	0x00021AB9	unsigned char	
[1]	<struct>	0x00021ABC	PrdQueue	
[2]	<struct>	0x00021AEC	PrdQueue	
[3]	<struct>	0x00021B1C	PrdQueue	
[4]	<struct>	0x00021B4C	PrdQueue	
[5]	<struct>	0x00021B7C	PrdQueue	
[6]	<struct>	0x00021BAC	PrdQueue	
[7]	<struct>	0x00021BDC	PrdQueue	
[8]	<struct>	0x00021C0C	PrdQueue	
[9]	<struct>	0x00021C3C	PrdQueue	
[10]	<struct>	0x00021C6C	PrdQueue	
[11]	<struct>	0x00021C9C	PrdQueue	
[12]	<struct>	0x00021CCC	PrdQueue	
[13]	<struct>	0x00021CFC	PrdQueue	
[14]	<struct>	0x00021D2C	PrdQueue	
[15]	<struct>	0x00021D5C	PrdQueue	
[16]	<struct>	0x00021D8C	PrdQueue	
[17]	<struct>	0x00021DBC	PrdQueue	
[18]	<struct>	0x00021DEC	PrdQueue	
[19]	<struct>	0x00021E1C	PrdQueue	
[20]	<struct>	0x00021E4C	PrdQueue	
[21]	<struct>	0x00021E7C	PrdQueue	
[22]	<struct>	0x00021EAC	PrdQueue	
[23]	<struct>	0x00021EDC	PrdQueue	
[24]	<struct>	0x00021F0C	PrdQueue	
[25]	<struct>	0x00021F3C	PrdQueue	
[26]	<struct>	0x00021F6C	PrdQueue	
[27]	<struct>	0x00021F9C	PrdQueue	
[28]	<struct>	0x00021FCC	PrdQueue	
[29]	<struct>	0x00021FFC	PrdQueue	
[30]	<struct>	0x0002202C	PrdQueue	
[31]	<struct>	0x0002205C	PrdQueue	
[32]	<struct>	0x0002208C	PrdQueue	
[33]	<struct>	0x000220BC	PrdQueue	
[34]	<struct>	0x000220EC	PrdQueue	
[35]	<struct>	0x0002211C	PrdQueue	
[36]	<struct>	0x0002214C	PrdQueue	
[37]	<struct>	0x0002217C	PrdQueue	
[38]	<struct>	0x000221AC	PrdQueue	
[39]	<struct>	0x000221DC	PrdQueue	
[40]	<struct>	0x0002220C	PrdQueue	
[41]	<struct>	0x0002223C	PrdQueue	
[42]	<struct>	0x0002226C	PrdQueue	
[43]	<struct>	0x0002229C	PrdQueue	
[44]	<struct>	0x000222CC	PrdQueue	
[45]	<struct>	0x000222FC	PrdQueue	
[46]	<struct>	0x0002232C	PrdQueue	
[47]	<struct>	0x0002235C	PrdQueue	
[48]	<struct>	0x0002238C	PrdQueue	
[49]	<struct>	0x000223BC	PrdQueue	
[50]	<struct>	0x000223EC	PrdQueue	
[51]	<struct>	0x0002241C	PrdQueue	
[52]	<struct>	0x0002244C	PrdQueue	
[53]	<struct>	0x0002247C	PrdQueue	
[54]	<struct>	0x000224AC	PrdQueue	
[55]	<struct>	0x000224DC	PrdQueue	
[56]	<struct>	0x0002250C	PrdQueue	
[57]	<struct>	0x0002253C	PrdQueue	
[58]	<struct>	0x0002256C	PrdQueue	
[59]	<struct>	0x0002259C	PrdQueue	
[60]	<struct>	0x000225CC	PrdQueue	
[61]	<struct>	0x000225FC	PrdQueue	
[62]	<struct>	0x0002262C	PrdQueue	
[63]	<struct>	0x0002265C	PrdQueue	
[64]	<struct>	0x0002268C	PrdQueue	
[65]	<struct>	0x000226BC	PrdQueue	
[66]	<struct>	0x000226EC	PrdQueue	
[67]	<struct>	0x0002271C	PrdQueue	
[68]	<struct>	0x0002274C	PrdQueue	
[69]	<struct>	0x0002277C	PrdQueue	
[70]	<struct>	0x000227AC	PrdQueue	
[71]	<struct>	0x000227DC	PrdQueue	
[72]	<struct>	0x0002280C	PrdQueue	
[73]	<struct>	0x0002283C	PrdQueue	
[74]	<struct>	0x0002286C	PrdQueue	
[75]	<struct>	0x0002289C	PrdQueue	
[76]	<struct>	0x000228CC	PrdQueue	
[77]	<struct>	0x000228FC	PrdQueue	
[78]	<struct>	0x0002292C	PrdQueue	
[79]	<struct>	0x0002295C	PrdQueue	
[80]	<struct>	0x0002298C	PrdQueue	
[81]	<struct>	0x000229BC	PrdQueue	
[82]	<struct>	0x000229EC	PrdQueue	
[83]	<struct>	0x00022A1C	PrdQueue	
[84]	<struct>	0x00022A4C	PrdQueue	
[85]	<struct>	0x00022A7C	PrdQueue	
[86]	<struct>	0x00022AAC	PrdQueue	
[87]	<struct>	0x00022ADC	PrdQueue	
[88]	<struct>	0x00022B0C	PrdQueue	
[89]	<struct>	0x00022B3C	PrdQueue	
[90]	<struct>	0x00022B6C	PrdQueue	
[91]	<struct>	0x00022B9C	PrdQueue	
[92]	<struct>	0x00022BCC	PrdQueue	
[93]	<struct>	0x00022BFC	PrdQueue	
[94]	<struct>	0x00022C2C	PrdQueue	
[95]	<struct>	0x00022C5C	PrdQueue	
[96]	<struct>	0x00022C8C	PrdQueue	
[97]	<struct>	0x00022CBC	PrdQueue	
[98]	<struct>	0x00022CEC	PrdQueue	
[99]	<struct>	0x00022D1C	PrdQueue	
[100]	<struct>	0x00022D4C	PrdQueue	
[101]	<struct>	0x00022D7C	PrdQueue	
[102]	<struct>	0x00022DAC	PrdQueue	
[103]	<struct>	0x00022DDC	PrdQueue	
[104]	<struct>	0x00022E0C	PrdQueue	
[105]	<struct>	0x00022E3C	PrdQueue	
[106]	<struct>	0x00022E6C	PrdQueue	
[107]	<struct>	0x00022E9C	PrdQueue	
[108]	<struct>	0x00022ECC	PrdQueue	
[109]	<struct>	0x00022EFC	PrdQueue	
[110]	<struct>	0x00022F2C	PrdQueue	
[111]	<struct>	0x00022F5C	PrdQueue	
[112]	<struct>	0x00022F8C	PrdQueue	
[113]	<struct>	0x00022FBC	PrdQueue	
[114]	<struct>	0x00022FEC	PrdQueue	
[115]	<struct>	0x0002301C	PrdQueue	
[116]	<struct>	0x0002304C	PrdQueue	
[117]	<struct>	0x0002307C	PrdQueue	
[118]	<struct>	0x000230AC	PrdQueue	
[119]	<struct>	0x000230DC	PrdQueue	
[120]	<struct>	0x0002310C	PrdQueue	
[121]	<struct>	0x0002313C	PrdQueue	
[122]	<struct>	0x0002316C	PrdQueue	
[123]	<struct>	0x0002319C	PrdQueue	
[124]	<struct>	0x000231CC	PrdQueue	
[125]	<struct>	0x000231FC	PrdQueue	
[126]	<struct>	0x0002322C	PrdQueue	
[127]	<struct>	0x0002325C	PrdQueue	
[128]	<struct>	0x0002328C	PrdQueue	
[129]	<struct>	0x000232BC	PrdQueue	
[130]	<struct>	0x000232EC	PrdQueue	
[131]	<struct>	0x0002331C	PrdQueue	
[132]	<struct>	0x0002334C	PrdQueue	
[133]	<struct>	0x0002337C	PrdQueue	
[134]	<struct>	0x000233AC	PrdQueue	
[135]	<struct>	0x000233DC	PrdQueue	
[136]	<struct>	0x0002340C	PrdQueue	
[137]	<struct>	0x0002343C	PrdQueue	
[138]	<struct>	0x0002346C	PrdQueue	
[139]	<struct>	0x0002349C	PrdQueue	
[140]	<struct>	0x000234CC	PrdQueue	
[141]	<struct>	0x000234FC	PrdQueue	
[142]	<struct>	0x0002352C	PrdQueue	
[143]	<struct>	0x0002355C	PrdQueue	
[144]	<struct>	0x0002358C	PrdQueue	
[145]	<struct>	0x000235BC	PrdQueue	
[146]	<struct>	0x000235EC	PrdQueue	
[147]	<struct>	0x0002361C	PrdQueue	
[148]	<struct>	0x0002364C	PrdQueue	
[149]	<struct>	0x0002367C	PrdQueue	
[150]	<struct>	0x000236AC	PrdQueue	
[151]	<struct>	0x000236DC	PrdQueue	
[152]	<struct>	0x0002370C	PrdQueue	
[153]	<struct>	0x0002373C	PrdQueue	
[154]	<struct>	0x0002376C	PrdQueue	
[155]	<struct>	0x0002379C	PrdQueue	
[156]	<struct>	0x000237CC	PrdQueue	
[157]	<struct>	0x000237FC	PrdQueue	
[158]	<struct>	0x0002382C	PrdQueue	
[159]	<struct>	0x0002385C	PrdQueue	
[160]	<struct>	0x0002388C	PrdQueue	
[161]	<struct>	0x000238BC	PrdQueue	
[162]	<struct>	0x000238EC	PrdQueue	
[163]	<struct>	0x0002391C	PrdQueue	
[164]	<struct>	0x0002394C	PrdQueue	
[165]	<struct>	0x0002397C	PrdQueue	
[166]	<struct>	0x000239AC	PrdQueue	
[167]	<struct>	0x000239DC	PrdQueue	
[168]	<struct>	0x00023A0C	PrdQueue	
[169]	<struct>	0x00023A3C	PrdQueue	
[170]	<struct>	0x00023A6C	PrdQueue	
[171]	<struct>	0x00023A9C	PrdQueue	
[172]	<struct>	0x00023ACC	PrdQueue	
[173]	<struct>	0x00023AFC	PrdQueue	
[174]	<struct>	0x00023B2C	PrdQueue	
[175]	<struct>	0x00023B5C	PrdQueue	
[176]	<struct>	0x00023B8C	PrdQueue	
[177]	<struct>	0x00023BBC	PrdQueue	
[178]	<struct>	0x00023BEC	PrdQueue	
[179]	<struct>	0x00023C1C	PrdQueue	
[180]	<struct>	0x00023C4C	PrdQueue	
[181]	<struct>	0x00023C7C	PrdQueue	
[182]	<struct>	0x00023CAC	PrdQueue	
[183]	<struct>	0x00023CDC	PrdQueue	
[184]	<struct>	0x00023D0C	PrdQueue	
[185]	<struct>	0x00023D3C	PrdQueue	
[186]	<struct>	0x00023D6C	PrdQueue	
[187]	<struct>	0x00023D9C	PrdQueue	
[188]	<struct>	0x00023DCC	PrdQueue	
[189]	<struct>	0x00023DFC	PrdQueue	
[190]	<struct>	0x00023E2C	PrdQueue	
[191]	<struct>	0x00023E5C	PrdQueue	
